<?xml version="1.0" encoding="UTF-8" ?>
<testsuite tests="1" failures="0" name="ar.com.tercer.semana.AppTest" time="0.004" errors="0" skipped="0">
  <properties>
    <property name="java.runtime.name" value="OpenJDK Runtime Environment"/>
    <property name="sun.boot.library.path" value="F:\GLBootCamp2020\app\java\jre\bin"/>
    <property name="java.vm.version" value="25.262-b19"/>
    <property name="jdk.vendor.version" value="Zulu 8.48.0.51-CA-win64"/>
    <property name="java.vm.vendor" value="Azul Systems, Inc."/>
    <property name="maven.multiModuleProjectDirectory" value="F:/GLBootCamp2020/repo/BootCampGL_LeandroJavierBaier/Tercer Semana/TercerSemana"/>
    <property name="java.vendor.url" value="http://www.azulsystems.com/"/>
    <property name="path.separator" value=";"/>
    <property name="guice.disable.misplaced.annotation.check" value="true"/>
    <property name="java.vm.name" value="OpenJDK 64-Bit Server VM"/>
    <property name="file.encoding.pkg" value="sun.io"/>
    <property name="user.script" value=""/>
    <property name="user.country" value="AR"/>
    <property name="sun.java.launcher" value="SUN_STANDARD"/>
    <property name="sun.os.patch.level" value=""/>
    <property name="java.vm.specification.name" value="Java Virtual Machine Specification"/>
    <property name="user.dir" value="F:\GLBootCamp2020\repo\BootCampGL_LeandroJavierBaier\Tercer Semana\TercerSemana"/>
    <property name="java.runtime.version" value="1.8.0_262-b19"/>
    <property name="java.awt.graphicsenv" value="sun.awt.Win32GraphicsEnvironment"/>
    <property name="java.endorsed.dirs" value="F:\GLBootCamp2020\app\java\jre\lib\endorsed"/>
    <property name="os.arch" value="amd64"/>
    <property name="java.io.tmpdir" value="C:\Users\SCrazy\AppData\Local\Temp\"/>
    <property name="line.separator" value="
"/>
    <property name="java.vm.specification.vendor" value="Oracle Corporation"/>
    <property name="user.variant" value=""/>
    <property name="os.name" value="Windows 10"/>
    <property name="classworlds.conf" value="F:/GLBootCamp2020/app/apache-maven-3.6.3/bin/m2.conf"/>
    <property name="sun.jnu.encoding" value="Cp1252"/>
    <property name="java.library.path" value="F:\GLBootCamp2020\app\java\bin;C:\WINDOWS\Sun\Java\bin;C:\WINDOWS\system32;C:\WINDOWS;C:\Users\SCrazy\bin;F:\GLBootCamp2020\Git\mingw64\bin;F:\GLBootCamp2020\Git\usr\local\bin;F:\GLBootCamp2020\Git\usr\bin;F:\GLBootCamp2020\Git\usr\bin;F:\GLBootCamp2020\Git\mingw64\bin;F:\GLBootCamp2020\Git\usr\bin;C:\Users\SCrazy\bin;C:\WINDOWS\system32;C:\WINDOWS;C:\WINDOWS\System32\Wbem;C:\WINDOWS\System32\WindowsPowerShell\v1.0;C:\WINDOWS\System32\OpenSSH;F:\GLBootCamp2020\Git\cmd;C:\Users\SCrazy\AppData\Local\Microsoft\WindowsApps;F:\GLBootCamp2020\app\java\bin;F:\GLBootCamp2020\app\apache-maven-3.6.3\bin;F:\GLBootCamp2020\Git\usr\bin\vendor_perl;F:\GLBootCamp2020\Git\usr\bin\core_perl;."/>
    <property name="maven.conf" value="F:/GLBootCamp2020/app/apache-maven-3.6.3/conf"/>
    <property name="java.specification.name" value="Java Platform API Specification"/>
    <property name="java.class.version" value="52.0"/>
    <property name="sun.management.compiler" value="HotSpot 64-Bit Tiered Compilers"/>
    <property name="os.version" value="10.0"/>
    <property name="library.jansi.path" value="F:/GLBootCamp2020/app/apache-maven-3.6.3/lib/jansi-native"/>
    <property name="user.home" value="C:\Users\SCrazy"/>
    <property name="user.timezone" value="America/Buenos_Aires"/>
    <property name="java.awt.printerjob" value="sun.awt.windows.WPrinterJob"/>
    <property name="java.specification.version" value="1.8"/>
    <property name="file.encoding" value="Cp1252"/>
    <property name="user.name" value="SCrazy"/>
    <property name="java.class.path" value="F:/GLBootCamp2020/app/apache-maven-3.6.3/boot/plexus-classworlds-2.6.0.jar"/>
    <property name="java.vm.specification.version" value="1.8"/>
    <property name="sun.arch.data.model" value="64"/>
    <property name="java.home" value="F:\GLBootCamp2020\app\java\jre"/>
    <property name="sun.java.command" value="org.codehaus.plexus.classworlds.launcher.Launcher test"/>
    <property name="java.specification.vendor" value="Oracle Corporation"/>
    <property name="user.language" value="es"/>
    <property name="awt.toolkit" value="sun.awt.windows.WToolkit"/>
    <property name="java.vm.info" value="mixed mode"/>
    <property name="java.version" value="1.8.0_262"/>
    <property name="java.ext.dirs" value="F:\GLBootCamp2020\app\java\jre\lib\ext;C:\WINDOWS\Sun\Java\lib\ext"/>
    <property name="sun.boot.class.path" value="F:\GLBootCamp2020\app\java\jre\lib\resources.jar;F:\GLBootCamp2020\app\java\jre\lib\rt.jar;F:\GLBootCamp2020\app\java\jre\lib\sunrsasign.jar;F:\GLBootCamp2020\app\java\jre\lib\jsse.jar;F:\GLBootCamp2020\app\java\jre\lib\jce.jar;F:\GLBootCamp2020\app\java\jre\lib\charsets.jar;F:\GLBootCamp2020\app\java\jre\lib\jfr.jar;F:\GLBootCamp2020\app\java\jre\classes"/>
    <property name="java.vendor" value="Azul Systems, Inc."/>
    <property name="maven.home" value="F:\GLBootCamp2020\app\apache-maven-3.6.3"/>
    <property name="file.separator" value="\"/>
    <property name="java.vendor.url.bug" value="http://www.azulsystems.com/support/"/>
    <property name="sun.cpu.endian" value="little"/>
    <property name="sun.io.unicode.encoding" value="UnicodeLittle"/>
    <property name="sun.desktop" value="windows"/>
    <property name="sun.cpu.isalist" value="amd64"/>
  </properties>
  <testcase classname="ar.com.tercer.semana.AppTest" name="testApp" time="0.004"/>
</testsuite>